<?xml version="1.0" encoding="UTF-8"?>
<testng-results skipped="0" failed="1" ignored="0" total="3" passed="2">
  <reporter-output>
  </reporter-output>
  <suite name="Suite" duration-ms="44177" started-at="2022-09-25T13:48:15 IST" finished-at="2022-09-25T13:48:59 IST">
    <groups>
    </groups>
    <test name="GoogleTest" duration-ms="16354" started-at="2022-09-25T13:48:15 IST" finished-at="2022-09-25T13:48:32 IST">
      <class name="mytests.GoogleTest">
        <test-method status="PASS" signature="setUp(java.lang.String)[pri:0, instance:mytests.GoogleTest@704921a5]" name="setUp" is-config="true" duration-ms="15650" started-at="2022-09-25T13:48:15 IST" finished-at="2022-09-25T13:48:31 IST">
          <params>
            <param index="0">
              <value>
                <![CDATA[https://www.google.com/]]>
              </value>
            </param>
          </params>
          <reporter-output>
          </reporter-output>
        </test-method> <!-- setUp -->
        <test-method status="PASS" signature="logoTest()[pri:0, instance:mytests.GoogleTest@704921a5]" name="logoTest" duration-ms="348" started-at="2022-09-25T13:48:31 IST" finished-at="2022-09-25T13:48:31 IST">
          <reporter-output>
          </reporter-output>
        </test-method> <!-- logoTest -->
        <test-method status="PASS" signature="tearDown()[pri:0, instance:mytests.GoogleTest@704921a5]" name="tearDown" is-config="true" duration-ms="190" started-at="2022-09-25T13:48:31 IST" finished-at="2022-09-25T13:48:32 IST">
          <reporter-output>
          </reporter-output>
        </test-method> <!-- tearDown -->
      </class> <!-- mytests.GoogleTest -->
    </test> <!-- GoogleTest -->
    <test name="OrangeHRMTest" duration-ms="44177" started-at="2022-09-25T13:48:15 IST" finished-at="2022-09-25T13:48:59 IST">
      <class name="mytests.OrangeHRMTest">
        <test-method status="PASS" signature="setUp(java.lang.String)[pri:0, instance:mytests.OrangeHRMTest@1060b431]" name="setUp" is-config="true" duration-ms="23849" started-at="2022-09-25T13:48:15 IST" finished-at="2022-09-25T13:48:39 IST">
          <params>
            <param index="0">
              <value>
                <![CDATA[https://www.orangehrm.com/orangehrm-30-day-trial/]]>
              </value>
            </param>
          </params>
          <reporter-output>
          </reporter-output>
        </test-method> <!-- setUp -->
        <test-method status="PASS" signature="logoTest()[pri:0, instance:mytests.OrangeHRMTest@1060b431]" name="logoTest" duration-ms="2139" started-at="2022-09-25T13:48:39 IST" finished-at="2022-09-25T13:48:41 IST">
          <reporter-output>
          </reporter-output>
        </test-method> <!-- logoTest -->
        <test-method status="PASS" signature="tearDown()[pri:0, instance:mytests.OrangeHRMTest@1060b431]" name="tearDown" is-config="true" duration-ms="111" started-at="2022-09-25T13:48:41 IST" finished-at="2022-09-25T13:48:42 IST">
          <reporter-output>
          </reporter-output>
        </test-method> <!-- tearDown -->
        <test-method status="PASS" signature="setUp(java.lang.String)[pri:0, instance:mytests.OrangeHRMTest@1060b431]" name="setUp" is-config="true" duration-ms="15813" started-at="2022-09-25T13:48:42 IST" finished-at="2022-09-25T13:48:57 IST">
          <params>
            <param index="0">
              <value>
                <![CDATA[https://www.orangehrm.com/orangehrm-30-day-trial/]]>
              </value>
            </param>
          </params>
          <reporter-output>
          </reporter-output>
        </test-method> <!-- setUp -->
        <test-method status="FAIL" signature="logoTestFailed()[pri:0, instance:mytests.OrangeHRMTest@1060b431]" name="logoTestFailed" duration-ms="1977" started-at="2022-09-25T13:48:57 IST" finished-at="2022-09-25T13:48:59 IST">
          <exception class="org.openqa.selenium.InvalidSelectorException">
            <message>
              <![CDATA[invalid selector: Unable to locate an element with the xpath expression //a[@class='fun] because of the following error:
SyntaxError: Failed to execute 'evaluate' on 'Document': The string '//a[@class='fun]' is not a valid XPath expression.
  (Session info: chrome=105.0.5195.125)
For documentation on this error, please visit: https://selenium.dev/exceptions/#invalid_selector_exception
Build info: version: '4.4.0', revision: 'e5c75ed026a'
System info: host: '192.168.1.3', ip: 'fe80:0:0:0:8fa:a723:a814:6511%en0', os.name: 'Mac OS X', os.arch: 'x86_64', os.version: '10.16', java.version: '1.8.0_202'
Driver info: org.openqa.selenium.chrome.ChromeDriver
Command: [6e6b545262fe666c8c24d97bf5841207, findElement {using=xpath, value=//a[@class='fun]}]
Capabilities {acceptInsecureCerts: false, browserName: chrome, browserVersion: 105.0.5195.125, chrome: {chromedriverVersion: 105.0.5195.52 (412c95e51883..., userDataDir: /var/folders/wc/4sfd_27x71g...}, goog:chromeOptions: {debuggerAddress: localhost:51231}, networkConnectionEnabled: false, pageLoadStrategy: normal, platformName: MAC, proxy: Proxy(), se:cdp: ws://localhost:51231/devtoo..., se:cdpVersion: 105.0.5195.125, setWindowRect: true, strictFileInteractability: false, timeouts: {implicit: 0, pageLoad: 300000, script: 30000}, unhandledPromptBehavior: dismiss and notify, webauthn:extension:credBlob: true, webauthn:extension:largeBlob: true, webauthn:virtualAuthenticators: true}
Session ID: 6e6b545262fe666c8c24d97bf5841207]]>
            </message>
            <full-stacktrace>
              <![CDATA[org.openqa.selenium.InvalidSelectorException: invalid selector: Unable to locate an element with the xpath expression //a[@class='fun] because of the following error:
SyntaxError: Failed to execute 'evaluate' on 'Document': The string '//a[@class='fun]' is not a valid XPath expression.
  (Session info: chrome=105.0.5195.125)
For documentation on this error, please visit: https://selenium.dev/exceptions/#invalid_selector_exception
Build info: version: '4.4.0', revision: 'e5c75ed026a'
System info: host: '192.168.1.3', ip: 'fe80:0:0:0:8fa:a723:a814:6511%en0', os.name: 'Mac OS X', os.arch: 'x86_64', os.version: '10.16', java.version: '1.8.0_202'
Driver info: org.openqa.selenium.chrome.ChromeDriver
Command: [6e6b545262fe666c8c24d97bf5841207, findElement {using=xpath, value=//a[@class='fun]}]
Capabilities {acceptInsecureCerts: false, browserName: chrome, browserVersion: 105.0.5195.125, chrome: {chromedriverVersion: 105.0.5195.52 (412c95e51883..., userDataDir: /var/folders/wc/4sfd_27x71g...}, goog:chromeOptions: {debuggerAddress: localhost:51231}, networkConnectionEnabled: false, pageLoadStrategy: normal, platformName: MAC, proxy: Proxy(), se:cdp: ws://localhost:51231/devtoo..., se:cdpVersion: 105.0.5195.125, setWindowRect: true, strictFileInteractability: false, timeouts: {implicit: 0, pageLoad: 300000, script: 30000}, unhandledPromptBehavior: dismiss and notify, webauthn:extension:credBlob: true, webauthn:extension:largeBlob: true, webauthn:virtualAuthenticators: true}
Session ID: 6e6b545262fe666c8c24d97bf5841207
at sun.reflect.NativeConstructorAccessorImpl.newInstance0(Native Method)
at sun.reflect.NativeConstructorAccessorImpl.newInstance(NativeConstructorAccessorImpl.java:62)
at sun.reflect.DelegatingConstructorAccessorImpl.newInstance(DelegatingConstructorAccessorImpl.java:45)
at java.lang.reflect.Constructor.newInstance(Constructor.java:423)
at org.openqa.selenium.remote.codec.w3c.W3CHttpResponseCodec.createException(W3CHttpResponseCodec.java:200)
at org.openqa.selenium.remote.codec.w3c.W3CHttpResponseCodec.decode(W3CHttpResponseCodec.java:133)
at org.openqa.selenium.remote.codec.w3c.W3CHttpResponseCodec.decode(W3CHttpResponseCodec.java:53)
at org.openqa.selenium.remote.HttpCommandExecutor.execute(HttpCommandExecutor.java:184)
at org.openqa.selenium.remote.service.DriverCommandExecutor.invokeExecute(DriverCommandExecutor.java:167)
at org.openqa.selenium.remote.service.DriverCommandExecutor.execute(DriverCommandExecutor.java:142)
at org.openqa.selenium.remote.RemoteWebDriver.execute(RemoteWebDriver.java:547)
at org.openqa.selenium.remote.ElementLocation$ElementFinder$2.findElement(ElementLocation.java:162)
at org.openqa.selenium.remote.ElementLocation.findElement(ElementLocation.java:60)
at org.openqa.selenium.remote.RemoteWebDriver.findElement(RemoteWebDriver.java:365)
at org.openqa.selenium.remote.RemoteWebDriver.findElement(RemoteWebDriver.java:357)
at mytests.OrangeHRMTest.logoTestFailed(OrangeHRMTest.java:17)
at sun.reflect.NativeMethodAccessorImpl.invoke0(Native Method)
at sun.reflect.NativeMethodAccessorImpl.invoke(NativeMethodAccessorImpl.java:62)
at sun.reflect.DelegatingMethodAccessorImpl.invoke(DelegatingMethodAccessorImpl.java:43)
at java.lang.reflect.Method.invoke(Method.java:498)
at org.testng.internal.MethodInvocationHelper.invokeMethod(MethodInvocationHelper.java:133)
at org.testng.internal.TestInvoker.invokeMethod(TestInvoker.java:598)
at org.testng.internal.TestInvoker.invokeTestMethod(TestInvoker.java:173)
at org.testng.internal.MethodRunner.runInSequence(MethodRunner.java:46)
at org.testng.internal.TestInvoker$MethodInvocationAgent.invoke(TestInvoker.java:824)
at org.testng.internal.TestInvoker.invokeTestMethods(TestInvoker.java:146)
at org.testng.internal.TestMethodWorker.invokeTestMethods(TestMethodWorker.java:146)
at org.testng.internal.TestMethodWorker.run(TestMethodWorker.java:128)
at java.util.ArrayList.forEach(ArrayList.java:1257)
at org.testng.TestRunner.privateRun(TestRunner.java:794)
at org.testng.TestRunner.run(TestRunner.java:596)
at org.testng.SuiteRunner.runTest(SuiteRunner.java:377)
at org.testng.SuiteRunner.access$000(SuiteRunner.java:28)
at org.testng.SuiteRunner$SuiteWorker.run(SuiteRunner.java:418)
at org.testng.internal.thread.ThreadUtil.lambda$execute$0(ThreadUtil.java:64)
at java.util.concurrent.FutureTask.run(FutureTask.java:266)
at java.util.concurrent.ThreadPoolExecutor.runWorker(ThreadPoolExecutor.java:1149)
at java.util.concurrent.ThreadPoolExecutor$Worker.run(ThreadPoolExecutor.java:624)
at java.lang.Thread.run(Thread.java:748)
]]>
            </full-stacktrace>
          </exception> <!-- org.openqa.selenium.InvalidSelectorException -->
          <reporter-output>
          </reporter-output>
        </test-method> <!-- logoTestFailed -->
        <test-method status="PASS" signature="tearDown()[pri:0, instance:mytests.OrangeHRMTest@1060b431]" name="tearDown" is-config="true" duration-ms="113" started-at="2022-09-25T13:48:59 IST" finished-at="2022-09-25T13:48:59 IST">
          <reporter-output>
          </reporter-output>
        </test-method> <!-- tearDown -->
      </class> <!-- mytests.OrangeHRMTest -->
    </test> <!-- OrangeHRMTest -->
  </suite> <!-- Suite -->
</testng-results>
